2026-04-04 18:29:29 | INFO     | Model loaded from C:\Users\LENOVO\Desktop\Documents\folder kuliah\TA\iot\models\knn_model.pkl
2026-04-04 18:29:29 | INFO     | Database initialized at C:\Users\LENOVO\Desktop\Documents\folder kuliah\TA\iot\data\measurements.db
2026-04-04 18:29:29 | INFO     | Starting KNN Classification Server...
2026-04-04 18:29:31 | INFO     | KNN Classification Server is running. Press Ctrl+C to stop.
2026-04-04 18:29:31 | INFO     | Connected to MQTT Broker at localhost:1883
2026-04-04 18:29:31 | INFO     | Listening on Channel A: sensor/esp32/data
2026-04-04 18:29:53 | INFO     | [1] ESP32_001 -> Activity: BERJALAN, BPM: 0, Confidence: 0.60
2026-04-04 18:29:55 | INFO     | [2] ESP32_001 -> Activity: BERJALAN, BPM: 0, Confidence: 0.60
2026-04-04 18:29:57 | INFO     | [3] ESP32_001 -> Activity: BERJALAN, BPM: 0, Confidence: 0.60
2026-04-04 18:29:59 | INFO     | [4] ESP32_001 -> Activity: BERJALAN, BPM: 0, Confidence: 0.60
2026-04-04 18:30:01 | INFO     | [5] ESP32_001 -> Activity: BERJALAN, BPM: 0, Confidence: 0.60
2026-04-04 18:30:03 | INFO     | [6] ESP32_001 -> Activity: BERJALAN, BPM: 0, Confidence: 0.60
2026-04-04 18:30:05 | INFO     | [7] ESP32_001 -> Activity: BERJALAN, BPM: 0, Confidence: 0.60
2026-04-04 18:30:07 | INFO     | [8] ESP32_001 -> Activity: BERJALAN, BPM: 0, Confidence: 0.60
2026-04-04 18:30:09 | INFO     | [9] ESP32_001 -> Activity: BERJALAN, BPM: 0, Confidence: 0.60
2026-04-04 18:30:11 | INFO     | [10] ESP32_001 -> Activity: BERJALAN, BPM: 0, Confidence: 0.60
2026-04-04 18:30:13 | INFO     | [11] ESP32_001 -> Activity: BERJALAN, BPM: 0, Confidence: 0.60
2026-04-04 18:30:15 | INFO     | [12] ESP32_001 -> Activity: BERJALAN, BPM: 0, Confidence: 0.60
2026-04-04 18:30:17 | INFO     | [13] ESP32_001 -> Activity: BERJALAN, BPM: 0, Confidence: 0.60
2026-04-04 18:30:19 | INFO     | [14] ESP32_001 -> Activity: BERJALAN, BPM: 0, Confidence: 0.60
2026-04-04 18:30:21 | INFO     | [15] ESP32_001 -> Activity: BERJALAN, BPM: 0, Confidence: 0.60
2026-04-04 18:30:23 | INFO     | [16] ESP32_001 -> Activity: BERJALAN, BPM: 0, Confidence: 0.60
2026-04-04 18:30:25 | INFO     | [17] ESP32_001 -> Activity: BERJALAN, BPM: 0, Confidence: 0.60
2026-04-04 18:30:27 | INFO     | [18] ESP32_001 -> Activity: BERJALAN, BPM: 0, Confidence: 0.60
2026-04-04 18:30:29 | INFO     | [19] ESP32_001 -> Activity: BERJALAN, BPM: 0, Confidence: 0.60
2026-04-04 18:30:31 | INFO     | [20] ESP32_001 -> Activity: BERJALAN, BPM: 0, Confidence: 0.60
2026-04-04 18:30:33 | INFO     | [21] ESP32_001 -> Activity: BERJALAN, BPM: 0, Confidence: 0.60
2026-04-04 18:30:35 | INFO     | [22] ESP32_001 -> Activity: BERJALAN, BPM: 0, Confidence: 0.60
2026-04-04 18:30:37 | INFO     | [23] ESP32_001 -> Activity: BERJALAN, BPM: 0, Confidence: 0.60
2026-04-04 18:30:39 | INFO     | [24] ESP32_001 -> Activity: BERJALAN, BPM: 0, Confidence: 0.60
2026-04-04 18:30:41 | INFO     | [25] ESP32_001 -> Activity: BERJALAN, BPM: 0, Confidence: 0.60
2026-04-04 18:34:53 | INFO     | Received interrupt signal, shutting down...
2026-04-04 18:34:53 | INFO     | Stopping KNN Classification Server...
2026-04-04 18:34:53 | INFO     | Total classifications processed: 25
